<?xml version="1.0" encoding="UTF-8" standalone="yes"?><!DOCTYPE report PUBLIC "-//JACOCO//DTD Report 1.1//EN" "report.dtd">
<report name="my-app">
    <sessioninfo id="LTPHSTRGRUA-2cb067d8" start="1654106873398" dump="1654106873887"/>
    <package name="com/mycompany/app">
        <class name="com/mycompany/app/App" sourcefilename="App.java">
            <method name="&lt;init&gt;" desc="()V" line="7">
                <counter type="INSTRUCTION" missed="3" covered="0"/>
                <counter type="LINE" missed="1" covered="0"/>
                <counter type="COMPLEXITY" missed="1" covered="0"/>
                <counter type="METHOD" missed="1" covered="0"/>
            </method>
            <method name="main" desc="([Ljava/lang/String;)V" line="11">
                <counter type="INSTRUCTION" missed="0" covered="4"/>
                <counter type="LINE" missed="0" covered="2"/>
                <counter type="COMPLEXITY" missed="0" covered="1"/>
                <counter type="METHOD" missed="0" covered="1"/>
            </method>
            <counter type="INSTRUCTION" missed="3" covered="4"/>
            <counter type="LINE" missed="1" covered="2"/>
            <counter type="COMPLEXITY" missed="1" covered="1"/>
            <counter type="METHOD" missed="1" covered="1"/>
            <counter type="CLASS" missed="0" covered="1"/>
        </class>
        <sourcefile name="App.java">
            <line nr="7" mi="3" ci="0" mb="0" cb="0"/>
            <line nr="11" mi="0" ci="3" mb="0" cb="0"/>
            <line nr="12" mi="0" ci="1" mb="0" cb="0"/>
            <counter type="INSTRUCTION" missed="3" covered="4"/>
            <counter type="LINE" missed="1" covered="2"/>
            <counter type="COMPLEXITY" missed="1" covered="1"/>
            <counter type="METHOD" missed="1" covered="1"/>
            <counter type="CLASS" missed="0" covered="1"/>
        </sourcefile>
        <counter type="INSTRUCTION" missed="3" covered="4"/>
        <counter type="LINE" missed="1" covered="2"/>
        <counter type="COMPLEXITY" missed="1" covered="1"/>
        <counter type="METHOD" missed="1" covered="1"/>
        <counter type="CLASS" missed="0" covered="1"/>
    </package>
    <package name="com/mycompany/calculator">
        <class name="com/mycompany/calculator/Product" sourcefilename="Product.java">
            <method name="&lt;init&gt;" desc="()V" line="3">
                <counter type="INSTRUCTION" missed="3" covered="0"/>
                <counter type="LINE" missed="1" covered="0"/>
                <counter type="COMPLEXITY" missed="1" covered="0"/>
                <counter type="METHOD" missed="1" covered="0"/>
            </method>
            <method name="multiply" desc="(DD)D" line="5">
                <counter type="INSTRUCTION" missed="0" covered="4"/>
                <counter type="LINE" missed="0" covered="1"/>
                <counter type="COMPLEXITY" missed="0" covered="1"/>
                <counter type="METHOD" missed="0" covered="1"/>
            </method>
            <counter type="INSTRUCTION" missed="3" covered="4"/>
            <counter type="LINE" missed="1" covered="1"/>
            <counter type="COMPLEXITY" missed="1" covered="1"/>
            <counter type="METHOD" missed="1" covered="1"/>
            <counter type="CLASS" missed="0" covered="1"/>
        </class>
        <class name="com/mycompany/calculator/Sum" sourcefilename="Sum.java">
            <method name="&lt;init&gt;" desc="()V" line="3">
                <counter type="INSTRUCTION" missed="3" covered="0"/>
                <counter type="LINE" missed="1" covered="0"/>
                <counter type="COMPLEXITY" missed="1" covered="0"/>
                <counter type="METHOD" missed="1" covered="0"/>
            </method>
            <method name="add" desc="(DD)D" line="5">
                <counter type="INSTRUCTION" missed="0" covered="4"/>
                <counter type="LINE" missed="0" covered="1"/>
                <counter type="COMPLEXITY" missed="0" covered="1"/>
                <counter type="METHOD" missed="0" covered="1"/>
            </method>
            <counter type="INSTRUCTION" missed="3" covered="4"/>
            <counter type="LINE" missed="1" covered="1"/>
            <counter type="COMPLEXITY" missed="1" covered="1"/>
            <counter type="METHOD" missed="1" covered="1"/>
            <counter type="CLASS" missed="0" covered="1"/>
        </class>
        <class name="com/mycompany/calculator/Difference" sourcefilename="Difference.java">
            <method name="&lt;init&gt;" desc="()V" line="3">
                <counter type="INSTRUCTION" missed="3" covered="0"/>
                <counter type="LINE" missed="1" covered="0"/>
                <counter type="COMPLEXITY" missed="1" covered="0"/>
                <counter type="METHOD" missed="1" covered="0"/>
            </method>
            <method name="subtract" desc="(DD)D" line="5">
                <counter type="INSTRUCTION" missed="0" covered="4"/>
                <counter type="LINE" missed="0" covered="1"/>
                <counter type="COMPLEXITY" missed="0" covered="1"/>
                <counter type="METHOD" missed="0" covered="1"/>
            </method>
            <counter type="INSTRUCTION" missed="3" covered="4"/>
            <counter type="LINE" missed="1" covered="1"/>
            <counter type="COMPLEXITY" missed="1" covered="1"/>
            <counter type="METHOD" missed="1" covered="1"/>
            <counter type="CLASS" missed="0" covered="1"/>
        </class>
        <sourcefile name="Product.java">
            <line nr="3" mi="3" ci="0" mb="0" cb="0"/>
            <line nr="5" mi="0" ci="4" mb="0" cb="0"/>
            <counter type="INSTRUCTION" missed="3" covered="4"/>
            <counter type="LINE" missed="1" covered="1"/>
            <counter type="COMPLEXITY" missed="1" covered="1"/>
            <counter type="METHOD" missed="1" covered="1"/>
            <counter type="CLASS" missed="0" covered="1"/>
        </sourcefile>
        <sourcefile name="Difference.java">
            <line nr="3" mi="3" ci="0" mb="0" cb="0"/>
            <line nr="5" mi="0" ci="4" mb="0" cb="0"/>
            <counter type="INSTRUCTION" missed="3" covered="4"/>
            <counter type="LINE" missed="1" covered="1"/>
            <counter type="COMPLEXITY" missed="1" covered="1"/>
            <counter type="METHOD" missed="1" covered="1"/>
            <counter type="CLASS" missed="0" covered="1"/>
        </sourcefile>
        <sourcefile name="Sum.java">
            <line nr="3" mi="3" ci="0" mb="0" cb="0"/>
            <line nr="5" mi="0" ci="4" mb="0" cb="0"/>
            <counter type="INSTRUCTION" missed="3" covered="4"/>
            <counter type="LINE" missed="1" covered="1"/>
            <counter type="COMPLEXITY" missed="1" covered="1"/>
            <counter type="METHOD" missed="1" covered="1"/>
            <counter type="CLASS" missed="0" covered="1"/>
        </sourcefile>
        <counter type="INSTRUCTION" missed="9" covered="12"/>
        <counter type="LINE" missed="3" covered="3"/>
        <counter type="COMPLEXITY" missed="3" covered="3"/>
        <counter type="METHOD" missed="3" covered="3"/>
        <counter type="CLASS" missed="0" covered="3"/>
    </package>
    <counter type="INSTRUCTION" missed="12" covered="16"/>
    <counter type="LINE" missed="4" covered="5"/>
    <counter type="COMPLEXITY" missed="4" covered="4"/>
    <counter type="METHOD" missed="4" covered="4"/>
    <counter type="CLASS" missed="0" covered="4"/>
</report>