<?xml version="1.0" encoding="UTF-8" standalone="yes"?><!DOCTYPE report PUBLIC "-//JACOCO//DTD Report 1.1//EN" "report.dtd">
<report name="my-app">
    <sessioninfo id="LTPHSTRGRUA-67563229" start="1651075929972" dump="1651075930209"/>
    <package name="com/mycompany/todo/data/api">
        <class name="com/mycompany/todo/data/api/TodoService" sourcefilename="TodoService.java"/>
        <sourcefile name="TodoService.java"/>
    </package>
    <package name="com/mycompany/app">
        <class name="com/mycompany/app/App" sourcefilename="App.java">
            <method name="&lt;init&gt;" desc="()V" line="7">
                <counter type="INSTRUCTION" missed="3" covered="0"/>
                <counter type="LINE" missed="1" covered="0"/>
                <counter type="COMPLEXITY" missed="1" covered="0"/>
                <counter type="METHOD" missed="1" covered="0"/>
            </method>
            <method name="main" desc="([Ljava/lang/String;)V" line="11">
                <counter type="INSTRUCTION" missed="0" covered="4"/>
                <counter type="LINE" missed="0" covered="2"/>
                <counter type="COMPLEXITY" missed="0" covered="1"/>
                <counter type="METHOD" missed="0" covered="1"/>
            </method>
            <counter type="INSTRUCTION" missed="3" covered="4"/>
            <counter type="LINE" missed="1" covered="2"/>
            <counter type="COMPLEXITY" missed="1" covered="1"/>
            <counter type="METHOD" missed="1" covered="1"/>
            <counter type="CLASS" missed="0" covered="1"/>
        </class>
        <sourcefile name="App.java">
            <line nr="7" mi="3" ci="0" mb="0" cb="0"/>
            <line nr="11" mi="0" ci="3" mb="0" cb="0"/>
            <line nr="12" mi="0" ci="1" mb="0" cb="0"/>
            <counter type="INSTRUCTION" missed="3" covered="4"/>
            <counter type="LINE" missed="1" covered="2"/>
            <counter type="COMPLEXITY" missed="1" covered="1"/>
            <counter type="METHOD" missed="1" covered="1"/>
            <counter type="CLASS" missed="0" covered="1"/>
        </sourcefile>
        <counter type="INSTRUCTION" missed="3" covered="4"/>
        <counter type="LINE" missed="1" covered="2"/>
        <counter type="COMPLEXITY" missed="1" covered="1"/>
        <counter type="METHOD" missed="1" covered="1"/>
        <counter type="CLASS" missed="0" covered="1"/>
    </package>
    <package name="com/mycompany">
        <class name="com/mycompany/AnotherSampleClass" sourcefilename="AnotherSampleClass.java">
            <method name="&lt;init&gt;" desc="()V" line="3">
                <counter type="INSTRUCTION" missed="3" covered="0"/>
                <counter type="LINE" missed="1" covered="0"/>
                <counter type="COMPLEXITY" missed="1" covered="0"/>
                <counter type="METHOD" missed="1" covered="0"/>
            </method>
            <method name="anotherStaticMethod" desc="()Z" line="5">
                <counter type="INSTRUCTION" missed="2" covered="0"/>
                <counter type="LINE" missed="1" covered="0"/>
                <counter type="COMPLEXITY" missed="1" covered="0"/>
                <counter type="METHOD" missed="1" covered="0"/>
            </method>
            <counter type="INSTRUCTION" missed="5" covered="0"/>
            <counter type="LINE" missed="2" covered="0"/>
            <counter type="COMPLEXITY" missed="2" covered="0"/>
            <counter type="METHOD" missed="2" covered="0"/>
            <counter type="CLASS" missed="1" covered="0"/>
        </class>
        <sourcefile name="AnotherSampleClass.java">
            <line nr="3" mi="3" ci="0" mb="0" cb="0"/>
            <line nr="5" mi="2" ci="0" mb="0" cb="0"/>
            <counter type="INSTRUCTION" missed="5" covered="0"/>
            <counter type="LINE" missed="2" covered="0"/>
            <counter type="COMPLEXITY" missed="2" covered="0"/>
            <counter type="METHOD" missed="2" covered="0"/>
            <counter type="CLASS" missed="1" covered="0"/>
        </sourcefile>
        <counter type="INSTRUCTION" missed="5" covered="0"/>
        <counter type="LINE" missed="2" covered="0"/>
        <counter type="COMPLEXITY" missed="2" covered="0"/>
        <counter type="METHOD" missed="2" covered="0"/>
        <counter type="CLASS" missed="1" covered="0"/>
    </package>
    <package name="com/mycompany/sum">
        <class name="com/mycompany/sum/Sum" sourcefilename="Sum.java">
            <method name="&lt;init&gt;" desc="()V" line="3">
                <counter type="INSTRUCTION" missed="3" covered="0"/>
                <counter type="LINE" missed="1" covered="0"/>
                <counter type="COMPLEXITY" missed="1" covered="0"/>
                <counter type="METHOD" missed="1" covered="0"/>
            </method>
            <method name="add" desc="(II)I" line="5">
                <counter type="INSTRUCTION" missed="0" covered="4"/>
                <counter type="LINE" missed="0" covered="1"/>
                <counter type="COMPLEXITY" missed="0" covered="1"/>
                <counter type="METHOD" missed="0" covered="1"/>
            </method>
            <counter type="INSTRUCTION" missed="3" covered="4"/>
            <counter type="LINE" missed="1" covered="1"/>
            <counter type="COMPLEXITY" missed="1" covered="1"/>
            <counter type="METHOD" missed="1" covered="1"/>
            <counter type="CLASS" missed="0" covered="1"/>
        </class>
        <sourcefile name="Sum.java">
            <line nr="3" mi="3" ci="0" mb="0" cb="0"/>
            <line nr="5" mi="0" ci="4" mb="0" cb="0"/>
            <counter type="INSTRUCTION" missed="3" covered="4"/>
            <counter type="LINE" missed="1" covered="1"/>
            <counter type="COMPLEXITY" missed="1" covered="1"/>
            <counter type="METHOD" missed="1" covered="1"/>
            <counter type="CLASS" missed="0" covered="1"/>
        </sourcefile>
        <counter type="INSTRUCTION" missed="3" covered="4"/>
        <counter type="LINE" missed="1" covered="1"/>
        <counter type="COMPLEXITY" missed="1" covered="1"/>
        <counter type="METHOD" missed="1" covered="1"/>
        <counter type="CLASS" missed="0" covered="1"/>
    </package>
    <package name="com/mycompany/todo/business">
        <class name="com/mycompany/todo/business/TodoBusinessImplementation" sourcefilename="TodoBusinessImplementation.java">
            <method name="&lt;init&gt;" desc="(Lcom/mycompany/todo/data/api/TodoService;)V" line="11">
                <counter type="INSTRUCTION" missed="6" covered="0"/>
                <counter type="LINE" missed="3" covered="0"/>
                <counter type="COMPLEXITY" missed="1" covered="0"/>
                <counter type="METHOD" missed="1" covered="0"/>
            </method>
            <method name="retrieveTodosRelatedToSpring" desc="(Ljava/lang/String;)Ljava/util/List;" line="16">
                <counter type="INSTRUCTION" missed="30" covered="0"/>
                <counter type="BRANCH" missed="4" covered="0"/>
                <counter type="LINE" missed="7" covered="0"/>
                <counter type="COMPLEXITY" missed="3" covered="0"/>
                <counter type="METHOD" missed="1" covered="0"/>
            </method>
            <counter type="INSTRUCTION" missed="36" covered="0"/>
            <counter type="BRANCH" missed="4" covered="0"/>
            <counter type="LINE" missed="10" covered="0"/>
            <counter type="COMPLEXITY" missed="4" covered="0"/>
            <counter type="METHOD" missed="2" covered="0"/>
            <counter type="CLASS" missed="1" covered="0"/>
        </class>
        <sourcefile name="TodoBusinessImplementation.java">
            <line nr="11" mi="2" ci="0" mb="0" cb="0"/>
            <line nr="12" mi="3" ci="0" mb="0" cb="0"/>
            <line nr="13" mi="1" ci="0" mb="0" cb="0"/>
            <line nr="16" mi="4" ci="0" mb="0" cb="0"/>
            <line nr="17" mi="5" ci="0" mb="0" cb="0"/>
            <line nr="19" mi="10" ci="0" mb="2" cb="0"/>
            <line nr="20" mi="4" ci="0" mb="2" cb="0"/>
            <line nr="21" mi="4" ci="0" mb="0" cb="0"/>
            <line nr="23" mi="1" ci="0" mb="0" cb="0"/>
            <line nr="25" mi="2" ci="0" mb="0" cb="0"/>
            <counter type="INSTRUCTION" missed="36" covered="0"/>
            <counter type="BRANCH" missed="4" covered="0"/>
            <counter type="LINE" missed="10" covered="0"/>
            <counter type="COMPLEXITY" missed="4" covered="0"/>
            <counter type="METHOD" missed="2" covered="0"/>
            <counter type="CLASS" missed="1" covered="0"/>
        </sourcefile>
        <counter type="INSTRUCTION" missed="36" covered="0"/>
        <counter type="BRANCH" missed="4" covered="0"/>
        <counter type="LINE" missed="10" covered="0"/>
        <counter type="COMPLEXITY" missed="4" covered="0"/>
        <counter type="METHOD" missed="2" covered="0"/>
        <counter type="CLASS" missed="1" covered="0"/>
    </package>
    <package name="com/mycompany/minus">
        <class name="com/mycompany/minus/Minus" sourcefilename="Minus.java">
            <method name="&lt;init&gt;" desc="()V" line="3">
                <counter type="INSTRUCTION" missed="3" covered="0"/>
                <counter type="LINE" missed="1" covered="0"/>
                <counter type="COMPLEXITY" missed="1" covered="0"/>
                <counter type="METHOD" missed="1" covered="0"/>
            </method>
            <method name="minus" desc="(II)I" line="5">
                <counter type="INSTRUCTION" missed="0" covered="4"/>
                <counter type="LINE" missed="0" covered="1"/>
                <counter type="COMPLEXITY" missed="0" covered="1"/>
                <counter type="METHOD" missed="0" covered="1"/>
            </method>
            <counter type="INSTRUCTION" missed="3" covered="4"/>
            <counter type="LINE" missed="1" covered="1"/>
            <counter type="COMPLEXITY" missed="1" covered="1"/>
            <counter type="METHOD" missed="1" covered="1"/>
            <counter type="CLASS" missed="0" covered="1"/>
        </class>
        <sourcefile name="Minus.java">
            <line nr="3" mi="3" ci="0" mb="0" cb="0"/>
            <line nr="5" mi="0" ci="4" mb="0" cb="0"/>
            <counter type="INSTRUCTION" missed="3" covered="4"/>
            <counter type="LINE" missed="1" covered="1"/>
            <counter type="COMPLEXITY" missed="1" covered="1"/>
            <counter type="METHOD" missed="1" covered="1"/>
            <counter type="CLASS" missed="0" covered="1"/>
        </sourcefile>
        <counter type="INSTRUCTION" missed="3" covered="4"/>
        <counter type="LINE" missed="1" covered="1"/>
        <counter type="COMPLEXITY" missed="1" covered="1"/>
        <counter type="METHOD" missed="1" covered="1"/>
        <counter type="CLASS" missed="0" covered="1"/>
    </package>
    <counter type="INSTRUCTION" missed="50" covered="12"/>
    <counter type="BRANCH" missed="4" covered="0"/>
    <counter type="LINE" missed="15" covered="4"/>
    <counter type="COMPLEXITY" missed="9" covered="3"/>
    <counter type="METHOD" missed="7" covered="3"/>
    <counter type="CLASS" missed="2" covered="3"/>
</report>